<?xml version="1.0" encoding="UTF-8"?>
<!-- Generated by org.testng.reporters.JUnitReportReporter -->
<testsuite hostname="CDC2-D-C9212S2" name="demos.Newtesting" tests="1" failures="0" timestamp="1 Aug 2019 09:55:07 GMT" time="0.035" errors="0">
  <testcase name="f" time="0.035" classname="demos.Newtesting"/>
</testsuite> <!-- demos.Newtesting -->
