<?xml version="1.0" encoding="UTF-8"?>
<!-- Generated by org.testng.reporters.JUnitReportReporter -->
<testsuite hostname="CDC2-D-C9212S2" name="demos.Chrome" tests="1" failures="0" timestamp="1 Aug 2019 10:05:35 GMT" time="2.466" errors="0">
  <testcase name="Login" time="2.466" classname="demos.Chrome"/>
</testsuite> <!-- demos.Chrome -->
